  BattleManager.cpp
C:\Users\wasis\OneDrive\Desktop\My repos\Pokemon\Pokemon\Header\Character\Player\Player.hpp(19,20): error C2143: syntax error: missing ';' before '*'
C:\Users\wasis\OneDrive\Desktop\My repos\Pokemon\Pokemon\Header\Character\Player\Player.hpp(19,13): error C4430: missing type specifier - int assumed. Note: C++ does not support default-int
C:\Users\wasis\OneDrive\Desktop\My repos\Pokemon\Pokemon\Header\Character\Player\Player.hpp(19,35): error C2238: unexpected token(s) preceding ';'
C:\Users\wasis\OneDrive\Desktop\My repos\Pokemon\Pokemon\Src\Battle\BattleManager.cpp(12,46): error C2039: 'chosenPokemon': is not a member of 'N_Character::N_Player::Player'
  Game.cpp
C:\Users\wasis\OneDrive\Desktop\My repos\Pokemon\Pokemon\Header\Character\Player\Player.hpp(19,20): error C2143: syntax error: missing ';' before '*'
C:\Users\wasis\OneDrive\Desktop\My repos\Pokemon\Pokemon\Header\Character\Player\Player.hpp(19,13): error C4430: missing type specifier - int assumed. Note: C++ does not support default-int
C:\Users\wasis\OneDrive\Desktop\My repos\Pokemon\Pokemon\Header\Character\Player\Player.hpp(19,35): error C2238: unexpected token(s) preceding ';'
C:\Users\wasis\OneDrive\Desktop\My repos\Pokemon\Pokemon\Src\Main\Game.cpp(50,25): error C2039: 'chosenPokemon': is not a member of 'N_Character::N_Player::Player'
C:\Users\wasis\OneDrive\Desktop\My repos\Pokemon\Pokemon\Src\Main\Game.cpp(51,38): error C2039: 'chosenPokemon': is not a member of 'N_Character::N_Player::Player'
  main.cpp
C:\Users\wasis\OneDrive\Desktop\My repos\Pokemon\Pokemon\Header\Character\Player\Player.hpp(19,20): error C2143: syntax error: missing ';' before '*'
C:\Users\wasis\OneDrive\Desktop\My repos\Pokemon\Pokemon\Header\Character\Player\Player.hpp(19,13): error C4430: missing type specifier - int assumed. Note: C++ does not support default-int
C:\Users\wasis\OneDrive\Desktop\My repos\Pokemon\Pokemon\Header\Character\Player\Player.hpp(19,35): error C2238: unexpected token(s) preceding ';'
  Player.cpp
C:\Users\wasis\OneDrive\Desktop\My repos\Pokemon\Pokemon\Header\Character\Player\Player.hpp(19,20): error C2143: syntax error: missing ';' before '*'
C:\Users\wasis\OneDrive\Desktop\My repos\Pokemon\Pokemon\Header\Character\Player\Player.hpp(19,13): error C4430: missing type specifier - int assumed. Note: C++ does not support default-int
C:\Users\wasis\OneDrive\Desktop\My repos\Pokemon\Pokemon\Header\Character\Player\Player.hpp(19,35): error C2238: unexpected token(s) preceding ';'
C:\Users\wasis\OneDrive\Desktop\My repos\Pokemon\Pokemon\Src\Character\Player\Player.cpp(25,17): error C2065: 'chosenPokemon': undeclared identifier
C:\Users\wasis\OneDrive\Desktop\My repos\Pokemon\Pokemon\Src\Character\Player\Player.cpp(31,26): error C2374: 'chosenPokemon': redefinition; multiple initialization
C:\Users\wasis\OneDrive\Desktop\My repos\Pokemon\Pokemon\Src\Character\Player\Player.cpp(34,26): error C2374: 'chosenPokemon': redefinition; multiple initialization
C:\Users\wasis\OneDrive\Desktop\My repos\Pokemon\Pokemon\Src\Character\Player\Player.cpp(37,55): error C2065: 'chosenPokemon': undeclared identifier
C:\Users\wasis\OneDrive\Desktop\My repos\Pokemon\Pokemon\Src\Character\Player\Player.cpp(30,13): error C2360: initialization of 'chosenPokemon' is skipped by 'case' label
C:\Users\wasis\OneDrive\Desktop\My repos\Pokemon\Pokemon\Src\Character\Player\Player.cpp(33,13): error C2361: initialization of 'chosenPokemon' is skipped by 'default' label
  ProfessorOak.cpp
C:\Users\wasis\OneDrive\Desktop\My repos\Pokemon\Pokemon\Header\Character\Player\Player.hpp(19,20): error C2143: syntax error: missing ';' before '*'
C:\Users\wasis\OneDrive\Desktop\My repos\Pokemon\Pokemon\Header\Character\Player\Player.hpp(19,13): error C4430: missing type specifier - int assumed. Note: C++ does not support default-int
C:\Users\wasis\OneDrive\Desktop\My repos\Pokemon\Pokemon\Header\Character\Player\Player.hpp(19,35): error C2238: unexpected token(s) preceding ';'
  WildEncounterManager.cpp
C:\Users\wasis\OneDrive\Desktop\My repos\Pokemon\Pokemon\Src\Battle\WildEncounterManager.cpp(10,19): warning C4244: 'argument': conversion from 'time_t' to 'unsigned int', possible loss of data
  Generating Code...
